c:\users\mlkj\documents\visual studio 2017\projects\editor\editor\release\vc141.pdb
c:\users\mlkj\documents\visual studio 2017\projects\editor\editor\release\sgs.obj
c:\users\mlkj\documents\visual studio 2017\projects\editor\editor\release\sgsmach.obj
c:\users\mlkj\documents\visual studio 2017\projects\editor\editor\release\sgslex.obj
c:\users\mlkj\documents\visual studio 2017\projects\editor\editor\release\sgsdebug.obj
c:\users\mlkj\documents\visual studio 2017\projects\editor\editor\release\mipslex.obj
c:\users\mlkj\documents\visual studio 2017\projects\editor\editor\release\mipsemu.obj
c:\users\mlkj\documents\visual studio 2017\projects\editor\editor\release\mipsasm.obj
c:\users\mlkj\documents\visual studio 2017\projects\editor\editor\release\mips.obj
c:\users\mlkj\documents\visual studio 2017\projects\editor\editor\release\frame.obj
c:\users\mlkj\documents\visual studio 2017\projects\editor\editor\release\popup.obj
c:\users\mlkj\documents\visual studio 2017\projects\editor\editor\release\operation.obj
c:\users\mlkj\documents\visual studio 2017\projects\editor\editor\release\line.obj
c:\users\mlkj\documents\visual studio 2017\projects\editor\editor\release\lang.obj
c:\users\mlkj\documents\visual studio 2017\projects\editor\editor\release\input.obj
c:\users\mlkj\documents\visual studio 2017\projects\editor\editor\release\file.obj
c:\users\mlkj\documents\visual studio 2017\projects\editor\editor\release\editor.obj
c:\users\mlkj\documents\visual studio 2017\projects\editor\editor\release\block.obj
c:\users\mlkj\documents\visual studio 2017\projects\editor\editor\release\pipe.obj
c:\users\mlkj\documents\visual studio 2017\projects\editor\editor\release\gcc.obj
c:\users\mlkj\documents\visual studio 2017\projects\editor\editor\release\clex.obj
c:\users\mlkj\documents\visual studio 2017\projects\editor\editor\release\json.obj
c:\users\mlkj\documents\visual studio 2017\projects\editor\editor\release\sgsyntax.obj
c:\users\mlkj\documents\visual studio 2017\projects\editor\editor\release\sgsmem.obj
c:\users\mlkj\documents\visual studio 2017\projects\editor\release\editor.ipdb
c:\users\mlkj\documents\visual studio 2017\projects\editor\release\editor.iobj
c:\users\mlkj\documents\visual studio 2017\projects\editor\release\editor.exe
c:\users\mlkj\documents\visual studio 2017\projects\editor\release\editor.pdb
c:\users\mlkj\documents\visual studio 2017\projects\editor\editor\release\editor.tlog\cl.command.1.tlog
c:\users\mlkj\documents\visual studio 2017\projects\editor\editor\release\editor.tlog\cl.read.1.tlog
c:\users\mlkj\documents\visual studio 2017\projects\editor\editor\release\editor.tlog\cl.write.1.tlog
c:\users\mlkj\documents\visual studio 2017\projects\editor\editor\release\editor.tlog\editor.write.1u.tlog
c:\users\mlkj\documents\visual studio 2017\projects\editor\editor\release\editor.tlog\link.command.1.tlog
c:\users\mlkj\documents\visual studio 2017\projects\editor\editor\release\editor.tlog\link.read.1.tlog
c:\users\mlkj\documents\visual studio 2017\projects\editor\editor\release\editor.tlog\link.write.1.tlog
